2024-06-18 06:40:14 [main] INFO  g.p.S.SecureAuthenticationSystemApplication - Starting SecureAuthenticationSystemApplication using Java 22.0.1 with PID 30760 (C:\projects\Genspark\SecureAuthenticationSystem\target\classes started by hyhuy in C:\projects\Genspark\SecureAuthenticationSystem)
2024-06-18 06:40:14 [main] DEBUG g.p.S.SecureAuthenticationSystemApplication - Running with Spring Boot v3.3.0, Spring v6.1.8
2024-06-18 06:40:14 [main] INFO  g.p.S.SecureAuthenticationSystemApplication - The following 1 profile is active: "prod"
2024-06-18 06:40:14 [main] INFO  o.s.d.r.c.RepositoryConfigurationDelegate - Bootstrapping Spring Data JPA repositories in DEFAULT mode.
2024-06-18 06:40:14 [main] INFO  o.s.d.r.c.RepositoryConfigurationDelegate - Finished Spring Data repository scanning in 42 ms. Found 2 JPA repository interfaces.
2024-06-18 06:40:15 [main] INFO  o.s.b.w.e.tomcat.TomcatWebServer - Tomcat initialized with port 8080 (http)
2024-06-18 06:40:15 [main] INFO  o.a.catalina.core.StandardService - Starting service [Tomcat]
2024-06-18 06:40:15 [main] INFO  o.a.catalina.core.StandardEngine - Starting Servlet engine: [Apache Tomcat/10.1.24]
2024-06-18 06:40:15 [main] INFO  o.a.c.c.C.[Tomcat].[localhost].[/] - Initializing Spring embedded WebApplicationContext
2024-06-18 06:40:15 [main] INFO  o.s.b.w.s.c.ServletWebServerApplicationContext - Root WebApplicationContext: initialization completed in 1363 ms
2024-06-18 06:40:15 [main] INFO  o.h.jpa.internal.util.LogHelper - HHH000204: Processing PersistenceUnitInfo [name: default]
2024-06-18 06:40:15 [main] INFO  org.hibernate.Version - HHH000412: Hibernate ORM core version 6.5.2.Final
2024-06-18 06:40:15 [main] INFO  o.h.c.i.RegionFactoryInitiator - HHH000026: Second-level cache disabled
2024-06-18 06:40:16 [main] INFO  o.s.o.j.p.SpringPersistenceUnitInfo - No LoadTimeWeaver setup: ignoring JPA class transformer
2024-06-18 06:40:16 [main] INFO  com.zaxxer.hikari.HikariDataSource - HikariPool-1 - Starting...
2024-06-18 06:40:16 [main] INFO  com.zaxxer.hikari.pool.HikariPool - HikariPool-1 - Added connection com.mysql.cj.jdbc.ConnectionImpl@7079f8f0
2024-06-18 06:40:16 [main] INFO  com.zaxxer.hikari.HikariDataSource - HikariPool-1 - Start completed.
2024-06-18 06:40:16 [main] WARN  org.hibernate.orm.deprecation - HHH90000025: MySQLDialect does not need to be specified explicitly using 'hibernate.dialect' (remove the property setting and it will be selected by default)
2024-06-18 06:40:17 [main] INFO  o.h.e.t.j.p.i.JtaPlatformInitiator - HHH000489: No JTA platform available (set 'hibernate.transaction.jta.platform' to enable JTA platform integration)
2024-06-18 06:40:17 [main] INFO  o.s.o.j.LocalContainerEntityManagerFactoryBean - Initialized JPA EntityManagerFactory for persistence unit 'default'
2024-06-18 06:40:17 [main] INFO  o.s.d.j.r.query.QueryEnhancerFactory - Hibernate is in classpath; If applicable, HQL parser will be used.
2024-06-18 06:40:17 [main] WARN  o.s.b.a.o.j.JpaBaseConfiguration$JpaWebConfiguration - spring.jpa.open-in-view is enabled by default. Therefore, database queries may be performed during view rendering. Explicitly configure spring.jpa.open-in-view to disable this warning
2024-06-18 06:40:17 [main] INFO  o.s.s.c.a.a.c.InitializeAuthenticationProviderBeanManagerConfigurer$InitializeAuthenticationProviderManagerConfigurer - Global AuthenticationManager configured with AuthenticationProvider bean with name authenticationProvider
2024-06-18 06:40:17 [main] WARN  o.s.s.c.a.a.c.InitializeUserDetailsBeanManagerConfigurer$InitializeUserDetailsManagerConfigurer - Global AuthenticationManager configured with an AuthenticationProvider bean. UserDetailsService beans will not be used for username/password login. Consider removing the AuthenticationProvider bean. Alternatively, consider using the UserDetailsService in a manually instantiated DaoAuthenticationProvider.
2024-06-18 06:40:18 [main] INFO  o.s.s.web.DefaultSecurityFilterChain - Will secure any request with [org.springframework.security.web.session.DisableEncodeUrlFilter@6f96d39f, org.springframework.security.web.context.request.async.WebAsyncManagerIntegrationFilter@5f49c09d, org.springframework.security.web.context.SecurityContextHolderFilter@63604641, org.springframework.security.web.header.HeaderWriterFilter@2cbb9702, org.springframework.web.filter.CorsFilter@c197f46, org.springframework.security.web.authentication.logout.LogoutFilter@2f3a3fec, org.springframework.security.web.authentication.UsernamePasswordAuthenticationFilter@ffb8f15, org.springframework.security.web.authentication.ui.DefaultLoginPageGeneratingFilter@56587330, org.springframework.security.web.authentication.ui.DefaultLogoutPageGeneratingFilter@4c5d934b, org.springframework.security.web.authentication.www.BasicAuthenticationFilter@ba76911, org.springframework.security.web.savedrequest.RequestCacheAwareFilter@74bca236, org.springframework.security.web.servletapi.SecurityContextHolderAwareRequestFilter@33dcbdc2, org.springframework.security.web.authentication.AnonymousAuthenticationFilter@150eab74, org.springframework.security.web.access.ExceptionTranslationFilter@1802badc, org.springframework.security.web.access.intercept.AuthorizationFilter@4471f216]
2024-06-18 06:40:18 [main] INFO  o.s.b.w.e.tomcat.TomcatWebServer - Tomcat started on port 8080 (http) with context path '/'
2024-06-18 06:40:18 [main] INFO  g.p.S.SecureAuthenticationSystemApplication - Started SecureAuthenticationSystemApplication in 4.48 seconds (process running for 4.8)
2024-06-18 06:40:28 [http-nio-8080-exec-1] INFO  o.a.c.c.C.[Tomcat].[localhost].[/] - Initializing Spring DispatcherServlet 'dispatcherServlet'
2024-06-18 06:40:28 [http-nio-8080-exec-1] INFO  o.s.web.servlet.DispatcherServlet - Initializing Servlet 'dispatcherServlet'
2024-06-18 06:40:28 [http-nio-8080-exec-1] INFO  o.s.web.servlet.DispatcherServlet - Completed initialization in 1 ms
2024-06-18 06:40:28 [http-nio-8080-exec-1] DEBUG o.s.security.web.FilterChainProxy - Securing GET /
2024-06-18 06:40:28 [http-nio-8080-exec-1] DEBUG o.s.security.web.FilterChainProxy - Secured GET /
2024-06-18 06:40:28 [http-nio-8080-exec-1] DEBUG o.s.s.w.a.AnonymousAuthenticationFilter - Set SecurityContextHolder to anonymous SecurityContext
2024-06-18 06:40:28 [http-nio-8080-exec-1] DEBUG o.s.security.web.FilterChainProxy - Securing GET /error
2024-06-18 06:40:28 [http-nio-8080-exec-1] DEBUG o.s.s.w.a.AnonymousAuthenticationFilter - Set SecurityContextHolder to anonymous SecurityContext
2024-06-18 06:40:28 [http-nio-8080-exec-1] DEBUG o.s.s.w.s.HttpSessionRequestCache - Saved request http://localhost:8080/error?continue to session
2024-06-18 06:40:28 [http-nio-8080-exec-1] DEBUG o.s.s.w.a.DelegatingAuthenticationEntryPoint - Trying to match using Or [RequestHeaderRequestMatcher [expectedHeaderName=X-Requested-With, expectedHeaderValue=XMLHttpRequest], And [Not [MediaTypeRequestMatcher [contentNegotiationStrategy=org.springframework.web.accept.ContentNegotiationManager@427c8f6, matchingMediaTypes=[text/html], useEquals=false, ignoredMediaTypes=[]]], MediaTypeRequestMatcher [contentNegotiationStrategy=org.springframework.web.accept.ContentNegotiationManager@427c8f6, matchingMediaTypes=[application/atom+xml, application/x-www-form-urlencoded, application/json, application/octet-stream, application/xml, multipart/form-data, text/xml], useEquals=false, ignoredMediaTypes=[*/*]]], MediaTypeRequestMatcher [contentNegotiationStrategy=org.springframework.web.accept.ContentNegotiationManager@427c8f6, matchingMediaTypes=[*/*], useEquals=true, ignoredMediaTypes=[]]]
2024-06-18 06:40:28 [http-nio-8080-exec-1] DEBUG o.s.s.w.a.DelegatingAuthenticationEntryPoint - Trying to match using And [Not [RequestHeaderRequestMatcher [expectedHeaderName=X-Requested-With, expectedHeaderValue=XMLHttpRequest]], MediaTypeRequestMatcher [contentNegotiationStrategy=org.springframework.web.accept.ContentNegotiationManager@427c8f6, matchingMediaTypes=[application/xhtml+xml, image/*, text/html, text/plain], useEquals=false, ignoredMediaTypes=[*/*]]]
2024-06-18 06:40:28 [http-nio-8080-exec-1] DEBUG o.s.s.w.a.DelegatingAuthenticationEntryPoint - Match found! Executing org.springframework.security.web.authentication.LoginUrlAuthenticationEntryPoint@383c94ed
2024-06-18 06:40:28 [http-nio-8080-exec-1] DEBUG o.s.s.web.DefaultRedirectStrategy - Redirecting to http://localhost:8080/login
2024-06-18 06:40:28 [http-nio-8080-exec-2] DEBUG o.s.security.web.FilterChainProxy - Securing GET /login
2024-06-18 06:40:29 [http-nio-8080-exec-3] DEBUG o.s.security.web.FilterChainProxy - Securing GET /favicon.ico
2024-06-18 06:40:29 [http-nio-8080-exec-3] DEBUG o.s.s.w.a.AnonymousAuthenticationFilter - Set SecurityContextHolder to anonymous SecurityContext
2024-06-18 06:40:29 [http-nio-8080-exec-3] DEBUG o.s.s.w.a.DelegatingAuthenticationEntryPoint - Trying to match using Or [RequestHeaderRequestMatcher [expectedHeaderName=X-Requested-With, expectedHeaderValue=XMLHttpRequest], And [Not [MediaTypeRequestMatcher [contentNegotiationStrategy=org.springframework.web.accept.ContentNegotiationManager@427c8f6, matchingMediaTypes=[text/html], useEquals=false, ignoredMediaTypes=[]]], MediaTypeRequestMatcher [contentNegotiationStrategy=org.springframework.web.accept.ContentNegotiationManager@427c8f6, matchingMediaTypes=[application/atom+xml, application/x-www-form-urlencoded, application/json, application/octet-stream, application/xml, multipart/form-data, text/xml], useEquals=false, ignoredMediaTypes=[*/*]]], MediaTypeRequestMatcher [contentNegotiationStrategy=org.springframework.web.accept.ContentNegotiationManager@427c8f6, matchingMediaTypes=[*/*], useEquals=true, ignoredMediaTypes=[]]]
2024-06-18 06:40:29 [http-nio-8080-exec-3] DEBUG o.s.s.w.a.DelegatingAuthenticationEntryPoint - Trying to match using And [Not [RequestHeaderRequestMatcher [expectedHeaderName=X-Requested-With, expectedHeaderValue=XMLHttpRequest]], MediaTypeRequestMatcher [contentNegotiationStrategy=org.springframework.web.accept.ContentNegotiationManager@427c8f6, matchingMediaTypes=[application/xhtml+xml, image/*, text/html, text/plain], useEquals=false, ignoredMediaTypes=[*/*]]]
2024-06-18 06:40:29 [http-nio-8080-exec-3] DEBUG o.s.s.w.a.DelegatingAuthenticationEntryPoint - Match found! Executing org.springframework.security.web.authentication.LoginUrlAuthenticationEntryPoint@383c94ed
2024-06-18 06:40:29 [http-nio-8080-exec-3] DEBUG o.s.s.web.DefaultRedirectStrategy - Redirecting to http://localhost:8080/login
2024-06-18 06:40:29 [http-nio-8080-exec-4] DEBUG o.s.security.web.FilterChainProxy - Securing GET /login
2024-06-18 06:40:32 [http-nio-8080-exec-5] DEBUG o.s.security.web.FilterChainProxy - Securing POST /login
2024-06-18 06:40:32 [http-nio-8080-exec-5] DEBUG o.s.s.a.d.DaoAuthenticationProvider - Authenticated user
2024-06-18 06:40:32 [http-nio-8080-exec-5] DEBUG o.s.s.w.a.s.ChangeSessionIdAuthenticationStrategy - Changed session id from 0C40B5F7E703A63369995F8FA73422C7
2024-06-18 06:40:32 [http-nio-8080-exec-5] DEBUG o.s.s.w.c.HttpSessionSecurityContextRepository - Stored SecurityContextImpl [Authentication=UsernamePasswordAuthenticationToken [Principal=genspark.pj.SecureAuthenticationSystem.Config.UserInfoDetails@5e31c80d, Credentials=[PROTECTED], Authenticated=true, Details=WebAuthenticationDetails [RemoteIpAddress=0:0:0:0:0:0:0:1, SessionId=0C40B5F7E703A63369995F8FA73422C7], Granted Authorities=[ADMIN]]] to HttpSession [org.apache.catalina.session.StandardSessionFacade@6a8f29d5]
2024-06-18 06:40:32 [http-nio-8080-exec-5] DEBUG o.s.s.w.a.UsernamePasswordAuthenticationFilter - Set SecurityContextHolder to UsernamePasswordAuthenticationToken [Principal=genspark.pj.SecureAuthenticationSystem.Config.UserInfoDetails@5e31c80d, Credentials=[PROTECTED], Authenticated=true, Details=WebAuthenticationDetails [RemoteIpAddress=0:0:0:0:0:0:0:1, SessionId=0C40B5F7E703A63369995F8FA73422C7], Granted Authorities=[ADMIN]]
2024-06-18 06:40:32 [http-nio-8080-exec-5] DEBUG o.s.s.web.DefaultRedirectStrategy - Redirecting to http://localhost:8080/error?continue
2024-06-18 06:40:32 [http-nio-8080-exec-6] DEBUG o.s.security.web.FilterChainProxy - Securing GET /error?continue
2024-06-18 06:40:32 [http-nio-8080-exec-6] DEBUG o.s.s.w.s.HttpSessionRequestCache - Loaded matching saved request http://localhost:8080/error?continue
2024-06-18 06:40:32 [http-nio-8080-exec-6] DEBUG o.s.s.w.c.HttpSessionSecurityContextRepository - Retrieved SecurityContextImpl [Authentication=UsernamePasswordAuthenticationToken [Principal=genspark.pj.SecureAuthenticationSystem.Config.UserInfoDetails@5e31c80d, Credentials=[PROTECTED], Authenticated=true, Details=WebAuthenticationDetails [RemoteIpAddress=0:0:0:0:0:0:0:1, SessionId=0C40B5F7E703A63369995F8FA73422C7], Granted Authorities=[ADMIN]]]
2024-06-18 06:40:32 [http-nio-8080-exec-6] DEBUG o.s.security.web.FilterChainProxy - Secured GET /error?continue
2024-06-18 06:40:32 [http-nio-8080-exec-7] DEBUG o.s.security.web.FilterChainProxy - Securing GET /favicon.ico
2024-06-18 06:40:32 [http-nio-8080-exec-7] DEBUG o.s.s.w.c.HttpSessionSecurityContextRepository - Retrieved SecurityContextImpl [Authentication=UsernamePasswordAuthenticationToken [Principal=genspark.pj.SecureAuthenticationSystem.Config.UserInfoDetails@5e31c80d, Credentials=[PROTECTED], Authenticated=true, Details=WebAuthenticationDetails [RemoteIpAddress=0:0:0:0:0:0:0:1, SessionId=0C40B5F7E703A63369995F8FA73422C7], Granted Authorities=[ADMIN]]]
2024-06-18 06:40:32 [http-nio-8080-exec-7] DEBUG o.s.security.web.FilterChainProxy - Secured GET /favicon.ico
2024-06-18 06:40:32 [http-nio-8080-exec-7] DEBUG o.s.security.web.FilterChainProxy - Securing GET /error
2024-06-18 06:40:32 [http-nio-8080-exec-7] DEBUG o.s.s.w.c.HttpSessionSecurityContextRepository - Retrieved SecurityContextImpl [Authentication=UsernamePasswordAuthenticationToken [Principal=genspark.pj.SecureAuthenticationSystem.Config.UserInfoDetails@5e31c80d, Credentials=[PROTECTED], Authenticated=true, Details=WebAuthenticationDetails [RemoteIpAddress=0:0:0:0:0:0:0:1, SessionId=0C40B5F7E703A63369995F8FA73422C7], Granted Authorities=[ADMIN]]]
2024-06-18 06:40:32 [http-nio-8080-exec-7] DEBUG o.s.security.web.FilterChainProxy - Secured GET /error
2024-06-18 06:40:37 [http-nio-8080-exec-8] DEBUG o.s.security.web.FilterChainProxy - Securing GET /blogs
2024-06-18 06:40:37 [http-nio-8080-exec-8] DEBUG o.s.security.web.FilterChainProxy - Secured GET /blogs
2024-06-18 06:40:37 [http-nio-8080-exec-8] INFO  g.p.S.Aspect.LoggingAspect - Executing method: getPostedBlogs, Arguments: []
2024-06-18 06:40:37 [http-nio-8080-exec-8] INFO  g.p.S.Aspect.LoggingAspect - Method executed: getPostedBlogs, Arguments: , Return: [Blog(id=3, title=Blog, content=BLOG BLOG BLOG, tags=[Blog, User, First], timestamp=2024-06-17T18:17:17.965120Z, posted=true, author=user), Blog(id=8, title=Blog, content=BLOG BLOG BLOG, tags=[Blog, User, First], timestamp=2024-06-17T18:21:32.944456Z, posted=true, author=user), Blog(id=9, title=Blog, content=BLOG BLOG BLOG, tags=[Blog, User, First], timestamp=2024-06-17T18:21:37.437376Z, posted=true, author=user)]
2024-06-18 06:40:37 [http-nio-8080-exec-8] DEBUG o.s.s.w.c.HttpSessionSecurityContextRepository - Retrieved SecurityContextImpl [Authentication=UsernamePasswordAuthenticationToken [Principal=genspark.pj.SecureAuthenticationSystem.Config.UserInfoDetails@5e31c80d, Credentials=[PROTECTED], Authenticated=true, Details=WebAuthenticationDetails [RemoteIpAddress=0:0:0:0:0:0:0:1, SessionId=0C40B5F7E703A63369995F8FA73422C7], Granted Authorities=[ADMIN]]]
2024-06-18 06:40:41 [http-nio-8080-exec-9] DEBUG o.s.security.web.FilterChainProxy - Securing GET /blogs/all
2024-06-18 06:40:41 [http-nio-8080-exec-9] DEBUG o.s.s.w.c.HttpSessionSecurityContextRepository - Retrieved SecurityContextImpl [Authentication=UsernamePasswordAuthenticationToken [Principal=genspark.pj.SecureAuthenticationSystem.Config.UserInfoDetails@5e31c80d, Credentials=[PROTECTED], Authenticated=true, Details=WebAuthenticationDetails [RemoteIpAddress=0:0:0:0:0:0:0:1, SessionId=0C40B5F7E703A63369995F8FA73422C7], Granted Authorities=[ADMIN]]]
2024-06-18 06:40:41 [http-nio-8080-exec-9] DEBUG o.s.security.web.FilterChainProxy - Secured GET /blogs/all
2024-06-18 06:40:41 [http-nio-8080-exec-9] DEBUG o.s.s.a.m.AuthorizationManagerBeforeMethodInterceptor - Authorizing method invocation ReflectiveMethodInvocation: public org.springframework.http.ResponseEntity genspark.pj.SecureAuthenticationSystem.Controller.BlogController.getAllBlogs(); target is of class [genspark.pj.SecureAuthenticationSystem.Controller.BlogController]
2024-06-18 06:40:41 [http-nio-8080-exec-9] DEBUG o.s.s.a.m.AuthorizationManagerBeforeMethodInterceptor - Authorized method invocation ReflectiveMethodInvocation: public org.springframework.http.ResponseEntity genspark.pj.SecureAuthenticationSystem.Controller.BlogController.getAllBlogs(); target is of class [genspark.pj.SecureAuthenticationSystem.Controller.BlogController]
2024-06-18 06:40:41 [http-nio-8080-exec-9] INFO  g.p.S.Aspect.LoggingAspect - Executing method: getAllBlogs, Arguments: []
2024-06-18 06:40:41 [http-nio-8080-exec-9] INFO  g.p.S.Aspect.LoggingAspect - Method executed: getAllBlogs, Arguments: , Return: [Blog(id=3, title=Blog, content=BLOG BLOG BLOG, tags=[Blog, User, First], timestamp=2024-06-17T18:17:17.965120Z, posted=true, author=user), Blog(id=4, title=Blog4, content=BLOG BLOG BLOG, tags=[Blog, User, First], timestamp=2024-06-17T17:35:16.663946Z, posted=false, author=User1), Blog(id=5, title=Blog4, content=BLOG BLOG BLOG, tags=[Blog, User, First], timestamp=2024-06-17T18:04:40.904832Z, posted=false, author=null), Blog(id=7, title=Blog, content=BLOG BLOG BLOG, tags=[Blog, User, First], timestamp=2024-06-17T18:17:17.965120Z, posted=false, author=user), Blog(id=8, title=Blog, content=BLOG BLOG BLOG, tags=[Blog, User, First], timestamp=2024-06-17T18:21:32.944456Z, posted=true, author=user), Blog(id=9, title=Blog, content=BLOG BLOG BLOG, tags=[Blog, User, First], timestamp=2024-06-17T18:21:37.437376Z, posted=true, author=user), Blog(id=10, title=Blog, content=BLOG BLOG BLOG, tags=[Blog, User, First], timestamp=2024-06-17T18:36:47.404620Z, posted=false, author=user), Blog(id=11, title=Blog, content=BLOG BLOG BLOG, tags=[Blog, User, First], timestamp=2024-06-17T18:55:56.427823Z, posted=false, author=user)]
2024-06-18 06:40:47 [http-nio-8080-exec-10] DEBUG o.s.security.web.FilterChainProxy - Securing GET /blogs/unposted
2024-06-18 06:40:47 [http-nio-8080-exec-10] DEBUG o.s.s.w.c.HttpSessionSecurityContextRepository - Retrieved SecurityContextImpl [Authentication=UsernamePasswordAuthenticationToken [Principal=genspark.pj.SecureAuthenticationSystem.Config.UserInfoDetails@5e31c80d, Credentials=[PROTECTED], Authenticated=true, Details=WebAuthenticationDetails [RemoteIpAddress=0:0:0:0:0:0:0:1, SessionId=0C40B5F7E703A63369995F8FA73422C7], Granted Authorities=[ADMIN]]]
2024-06-18 06:40:47 [http-nio-8080-exec-10] DEBUG o.s.security.web.FilterChainProxy - Secured GET /blogs/unposted
2024-06-18 06:40:47 [http-nio-8080-exec-10] DEBUG o.s.s.a.m.AuthorizationManagerBeforeMethodInterceptor - Authorizing method invocation ReflectiveMethodInvocation: public org.springframework.http.ResponseEntity genspark.pj.SecureAuthenticationSystem.Controller.BlogController.getAllUnPostedBlogs(); target is of class [genspark.pj.SecureAuthenticationSystem.Controller.BlogController]
2024-06-18 06:40:47 [http-nio-8080-exec-10] DEBUG o.s.s.a.m.AuthorizationManagerBeforeMethodInterceptor - Authorized method invocation ReflectiveMethodInvocation: public org.springframework.http.ResponseEntity genspark.pj.SecureAuthenticationSystem.Controller.BlogController.getAllUnPostedBlogs(); target is of class [genspark.pj.SecureAuthenticationSystem.Controller.BlogController]
2024-06-18 06:40:47 [http-nio-8080-exec-10] INFO  g.p.S.Aspect.LoggingAspect - Executing method: getUnPostedBlogs, Arguments: []
2024-06-18 06:40:47 [http-nio-8080-exec-10] INFO  g.p.S.Aspect.LoggingAspect - Method executed: getUnPostedBlogs, Arguments: , Return: [Blog(id=4, title=Blog4, content=BLOG BLOG BLOG, tags=[Blog, User, First], timestamp=2024-06-17T17:35:16.663946Z, posted=false, author=User1), Blog(id=5, title=Blog4, content=BLOG BLOG BLOG, tags=[Blog, User, First], timestamp=2024-06-17T18:04:40.904832Z, posted=false, author=null), Blog(id=7, title=Blog, content=BLOG BLOG BLOG, tags=[Blog, User, First], timestamp=2024-06-17T18:17:17.965120Z, posted=false, author=user), Blog(id=10, title=Blog, content=BLOG BLOG BLOG, tags=[Blog, User, First], timestamp=2024-06-17T18:36:47.404620Z, posted=false, author=user), Blog(id=11, title=Blog, content=BLOG BLOG BLOG, tags=[Blog, User, First], timestamp=2024-06-17T18:55:56.427823Z, posted=false, author=user)]
2024-06-18 06:40:59 [http-nio-8080-exec-1] DEBUG o.s.security.web.FilterChainProxy - Securing GET /logout
2024-06-18 06:40:59 [http-nio-8080-exec-1] DEBUG o.s.s.w.c.HttpSessionSecurityContextRepository - Retrieved SecurityContextImpl [Authentication=UsernamePasswordAuthenticationToken [Principal=genspark.pj.SecureAuthenticationSystem.Config.UserInfoDetails@5e31c80d, Credentials=[PROTECTED], Authenticated=true, Details=WebAuthenticationDetails [RemoteIpAddress=0:0:0:0:0:0:0:1, SessionId=0C40B5F7E703A63369995F8FA73422C7], Granted Authorities=[ADMIN]]]
2024-06-18 06:40:59 [http-nio-8080-exec-1] DEBUG o.s.s.w.a.logout.LogoutFilter - Logging out [UsernamePasswordAuthenticationToken [Principal=genspark.pj.SecureAuthenticationSystem.Config.UserInfoDetails@5e31c80d, Credentials=[PROTECTED], Authenticated=true, Details=WebAuthenticationDetails [RemoteIpAddress=0:0:0:0:0:0:0:1, SessionId=0C40B5F7E703A63369995F8FA73422C7], Granted Authorities=[ADMIN]]]
2024-06-18 06:40:59 [http-nio-8080-exec-1] DEBUG o.s.s.w.a.l.SecurityContextLogoutHandler - Invalidated session 44FFAF522C7F32BFAF0DAB3F55E5AC39
2024-06-18 06:40:59 [http-nio-8080-exec-1] DEBUG o.s.s.web.DefaultRedirectStrategy - Redirecting to /login?logout
2024-06-18 06:40:59 [http-nio-8080-exec-2] DEBUG o.s.security.web.FilterChainProxy - Securing GET /login?logout
2024-06-18 06:41:02 [http-nio-8080-exec-3] DEBUG o.s.security.web.FilterChainProxy - Securing POST /login
2024-06-18 06:41:02 [http-nio-8080-exec-3] DEBUG o.s.s.a.d.DaoAuthenticationProvider - Authenticated user
2024-06-18 06:41:02 [http-nio-8080-exec-3] DEBUG o.s.s.w.c.HttpSessionSecurityContextRepository - Stored SecurityContextImpl [Authentication=UsernamePasswordAuthenticationToken [Principal=genspark.pj.SecureAuthenticationSystem.Config.UserInfoDetails@28f698df, Credentials=[PROTECTED], Authenticated=true, Details=WebAuthenticationDetails [RemoteIpAddress=0:0:0:0:0:0:0:1, SessionId=null], Granted Authorities=[USER]]] to HttpSession [org.apache.catalina.session.StandardSessionFacade@4a058294]
2024-06-18 06:41:02 [http-nio-8080-exec-3] DEBUG o.s.s.w.a.UsernamePasswordAuthenticationFilter - Set SecurityContextHolder to UsernamePasswordAuthenticationToken [Principal=genspark.pj.SecureAuthenticationSystem.Config.UserInfoDetails@28f698df, Credentials=[PROTECTED], Authenticated=true, Details=WebAuthenticationDetails [RemoteIpAddress=0:0:0:0:0:0:0:1, SessionId=null], Granted Authorities=[USER]]
2024-06-18 06:41:02 [http-nio-8080-exec-3] DEBUG o.s.s.web.DefaultRedirectStrategy - Redirecting to /
2024-06-18 06:41:02 [http-nio-8080-exec-4] DEBUG o.s.security.web.FilterChainProxy - Securing GET /
2024-06-18 06:41:02 [http-nio-8080-exec-4] DEBUG o.s.security.web.FilterChainProxy - Secured GET /
2024-06-18 06:41:02 [http-nio-8080-exec-4] DEBUG o.s.s.w.c.HttpSessionSecurityContextRepository - Retrieved SecurityContextImpl [Authentication=UsernamePasswordAuthenticationToken [Principal=genspark.pj.SecureAuthenticationSystem.Config.UserInfoDetails@28f698df, Credentials=[PROTECTED], Authenticated=true, Details=WebAuthenticationDetails [RemoteIpAddress=0:0:0:0:0:0:0:1, SessionId=null], Granted Authorities=[USER]]]
2024-06-18 06:41:02 [http-nio-8080-exec-4] DEBUG o.s.security.web.FilterChainProxy - Securing GET /error
2024-06-18 06:41:02 [http-nio-8080-exec-4] DEBUG o.s.s.w.c.HttpSessionSecurityContextRepository - Retrieved SecurityContextImpl [Authentication=UsernamePasswordAuthenticationToken [Principal=genspark.pj.SecureAuthenticationSystem.Config.UserInfoDetails@28f698df, Credentials=[PROTECTED], Authenticated=true, Details=WebAuthenticationDetails [RemoteIpAddress=0:0:0:0:0:0:0:1, SessionId=null], Granted Authorities=[USER]]]
2024-06-18 06:41:02 [http-nio-8080-exec-4] DEBUG o.s.security.web.FilterChainProxy - Secured GET /error
2024-06-18 06:41:06 [http-nio-8080-exec-5] DEBUG o.s.security.web.FilterChainProxy - Securing GET /blogs
2024-06-18 06:41:06 [http-nio-8080-exec-5] DEBUG o.s.security.web.FilterChainProxy - Secured GET /blogs
2024-06-18 06:41:06 [http-nio-8080-exec-5] INFO  g.p.S.Aspect.LoggingAspect - Executing method: getPostedBlogs, Arguments: []
2024-06-18 06:41:06 [http-nio-8080-exec-5] INFO  g.p.S.Aspect.LoggingAspect - Method executed: getPostedBlogs, Arguments: , Return: [Blog(id=3, title=Blog, content=BLOG BLOG BLOG, tags=[Blog, User, First], timestamp=2024-06-17T18:17:17.965120Z, posted=true, author=user), Blog(id=8, title=Blog, content=BLOG BLOG BLOG, tags=[Blog, User, First], timestamp=2024-06-17T18:21:32.944456Z, posted=true, author=user), Blog(id=9, title=Blog, content=BLOG BLOG BLOG, tags=[Blog, User, First], timestamp=2024-06-17T18:21:37.437376Z, posted=true, author=user)]
2024-06-18 06:41:06 [http-nio-8080-exec-5] DEBUG o.s.s.w.c.HttpSessionSecurityContextRepository - Retrieved SecurityContextImpl [Authentication=UsernamePasswordAuthenticationToken [Principal=genspark.pj.SecureAuthenticationSystem.Config.UserInfoDetails@28f698df, Credentials=[PROTECTED], Authenticated=true, Details=WebAuthenticationDetails [RemoteIpAddress=0:0:0:0:0:0:0:1, SessionId=null], Granted Authorities=[USER]]]
2024-06-18 06:41:10 [http-nio-8080-exec-6] DEBUG o.s.security.web.FilterChainProxy - Securing GET /blogs/all
2024-06-18 06:41:10 [http-nio-8080-exec-6] DEBUG o.s.s.w.c.HttpSessionSecurityContextRepository - Retrieved SecurityContextImpl [Authentication=UsernamePasswordAuthenticationToken [Principal=genspark.pj.SecureAuthenticationSystem.Config.UserInfoDetails@28f698df, Credentials=[PROTECTED], Authenticated=true, Details=WebAuthenticationDetails [RemoteIpAddress=0:0:0:0:0:0:0:1, SessionId=null], Granted Authorities=[USER]]]
2024-06-18 06:41:10 [http-nio-8080-exec-6] DEBUG o.s.security.web.FilterChainProxy - Secured GET /blogs/all
2024-06-18 06:41:10 [http-nio-8080-exec-6] DEBUG o.s.s.a.m.AuthorizationManagerBeforeMethodInterceptor - Authorizing method invocation ReflectiveMethodInvocation: public org.springframework.http.ResponseEntity genspark.pj.SecureAuthenticationSystem.Controller.BlogController.getAllBlogs(); target is of class [genspark.pj.SecureAuthenticationSystem.Controller.BlogController]
2024-06-18 06:41:10 [http-nio-8080-exec-6] DEBUG o.s.s.a.m.AuthorizationManagerBeforeMethodInterceptor - Failed to authorize ReflectiveMethodInvocation: public org.springframework.http.ResponseEntity genspark.pj.SecureAuthenticationSystem.Controller.BlogController.getAllBlogs(); target is of class [genspark.pj.SecureAuthenticationSystem.Controller.BlogController] with authorization manager org.springframework.security.config.annotation.method.configuration.DeferringObservationAuthorizationManager@4ffa1fc8 and decision ExpressionAuthorizationDecision [granted=false, expressionAttribute=hasAuthority('ADMIN')]
2024-06-18 06:41:10 [http-nio-8080-exec-6] DEBUG o.s.s.w.a.AccessDeniedHandlerImpl - Responding with 403 status code
2024-06-18 06:41:10 [http-nio-8080-exec-6] DEBUG o.s.security.web.FilterChainProxy - Securing GET /error
2024-06-18 06:41:10 [http-nio-8080-exec-6] DEBUG o.s.s.w.c.HttpSessionSecurityContextRepository - Retrieved SecurityContextImpl [Authentication=UsernamePasswordAuthenticationToken [Principal=genspark.pj.SecureAuthenticationSystem.Config.UserInfoDetails@28f698df, Credentials=[PROTECTED], Authenticated=true, Details=WebAuthenticationDetails [RemoteIpAddress=0:0:0:0:0:0:0:1, SessionId=null], Granted Authorities=[USER]]]
2024-06-18 06:41:10 [http-nio-8080-exec-6] DEBUG o.s.security.web.FilterChainProxy - Secured GET /error
